  helloworld.cpp
D:\Projects\vcpkg\installed\x64-windows\include\libavutil\rational.h(1,1): warning C4819: 该文件包含不能在当前代码页(936)中表示的字符。请将该文件保存为 Unicode 格式以防止数据丢失
D:\Projects\c++\ffmpeg_study\ffmpeg_study\helloworld.cpp(64,2): error C3861: “av_register_all”: 找不到标识符
D:\Projects\c++\ffmpeg_study\ffmpeg_study\helloworld.cpp(71,3): error C4996: 'sprintf': This function or variable may be unsafe. Consider using sprintf_s instead. To disable deprecation, use _CRT_SECURE_NO_WARNINGS. See online help for details.
D:\Projects\c++\ffmpeg_study\ffmpeg_study\helloworld.cpp(77,3): error C4996: 'sprintf': This function or variable may be unsafe. Consider using sprintf_s instead. To disable deprecation, use _CRT_SECURE_NO_WARNINGS. See online help for details.
D:\Projects\c++\ffmpeg_study\ffmpeg_study\helloworld.cpp(90,2): error C3861: “av_register_all”: 找不到标识符
D:\Projects\c++\ffmpeg_study\ffmpeg_study\helloworld.cpp(92,27): error C3861: “av_iformat_next”: 找不到标识符
D:\Projects\c++\ffmpeg_study\ffmpeg_study\helloworld.cpp(93,28): error C3861: “av_oformat_next”: 找不到标识符
D:\Projects\c++\ffmpeg_study\ffmpeg_study\helloworld.cpp(97,22): error C2039: "next": 不是 "AVInputFormat" 的成员
D:\Projects\vcpkg\installed\x64-windows\include\libavformat\avformat.h(656,16): message : 参见“AVInputFormat”的声明
D:\Projects\c++\ffmpeg_study\ffmpeg_study\helloworld.cpp(102,22): error C2039: "next": 不是 "AVOutputFormat" 的成员
D:\Projects\vcpkg\installed\x64-windows\include\libavformat\avformat.h(509,16): message : 参见“AVOutputFormat”的声明
D:\Projects\c++\ffmpeg_study\ffmpeg_study\helloworld.cpp(96,3): error C4996: 'sprintf': This function or variable may be unsafe. Consider using sprintf_s instead. To disable deprecation, use _CRT_SECURE_NO_WARNINGS. See online help for details.
D:\Projects\c++\ffmpeg_study\ffmpeg_study\helloworld.cpp(101,3): error C4996: 'sprintf': This function or variable may be unsafe. Consider using sprintf_s instead. To disable deprecation, use _CRT_SECURE_NO_WARNINGS. See online help for details.
D:\Projects\c++\ffmpeg_study\ffmpeg_study\helloworld.cpp(115,2): error C3861: “av_register_all”: 找不到标识符
D:\Projects\c++\ffmpeg_study\ffmpeg_study\helloworld.cpp(117,20): error C3861: “av_codec_next”: 找不到标识符
D:\Projects\c++\ffmpeg_study\ffmpeg_study\helloworld.cpp(120,15): error C2039: "decode": 不是 "AVCodec" 的成员
D:\Projects\vcpkg\installed\x64-windows\include\libavcodec\codec.h(196,16): message : 参见“AVCodec”的声明
D:\Projects\c++\ffmpeg_study\ffmpeg_study\helloworld.cpp(140,20): error C2039: "next": 不是 "AVCodec" 的成员
D:\Projects\vcpkg\installed\x64-windows\include\libavcodec\codec.h(196,16): message : 参见“AVCodec”的声明
D:\Projects\c++\ffmpeg_study\ffmpeg_study\helloworld.cpp(128,4): error C4996: 'sprintf': This function or variable may be unsafe. Consider using sprintf_s instead. To disable deprecation, use _CRT_SECURE_NO_WARNINGS. See online help for details.
D:\Projects\c++\ffmpeg_study\ffmpeg_study\helloworld.cpp(131,4): error C4996: 'sprintf': This function or variable may be unsafe. Consider using sprintf_s instead. To disable deprecation, use _CRT_SECURE_NO_WARNINGS. See online help for details.
D:\Projects\c++\ffmpeg_study\ffmpeg_study\helloworld.cpp(134,4): error C4996: 'sprintf': This function or variable may be unsafe. Consider using sprintf_s instead. To disable deprecation, use _CRT_SECURE_NO_WARNINGS. See online help for details.
D:\Projects\c++\ffmpeg_study\ffmpeg_study\helloworld.cpp(138,3): error C4996: 'sprintf': This function or variable may be unsafe. Consider using sprintf_s instead. To disable deprecation, use _CRT_SECURE_NO_WARNINGS. See online help for details.
D:\Projects\c++\ffmpeg_study\ffmpeg_study\helloworld.cpp(153,2): error C3861: “avfilter_register_all”: 找不到标识符
D:\Projects\c++\ffmpeg_study\ffmpeg_study\helloworld.cpp(155,32): error C3861: “avfilter_next”: 找不到标识符
D:\Projects\c++\ffmpeg_study\ffmpeg_study\helloworld.cpp(159,20): error C2039: "next": 不是 "AVFilter" 的成员
D:\Projects\vcpkg\installed\x64-windows\include\libavfilter\avfilter.h(171,16): message : 参见“AVFilter”的声明
D:\Projects\c++\ffmpeg_study\ffmpeg_study\helloworld.cpp(158,3): error C4996: 'sprintf': This function or variable may be unsafe. Consider using sprintf_s instead. To disable deprecation, use _CRT_SECURE_NO_WARNINGS. See online help for details.
D:\Projects\c++\ffmpeg_study\ffmpeg_study\helloworld.cpp(172,2): error C3861: “av_register_all”: 找不到标识符
D:\Projects\c++\ffmpeg_study\ffmpeg_study\helloworld.cpp(174,2): error C4996: 'sprintf': This function or variable may be unsafe. Consider using sprintf_s instead. To disable deprecation, use _CRT_SECURE_NO_WARNINGS. See online help for details.
