d:\projects\c++\ffmpeg_study\ffmpeg_simple_player\x64\debug\vc143.pdb
d:\projects\c++\ffmpeg_study\ffmpeg_simple_player\x64\debug\vc143.idb
d:\projects\c++\ffmpeg_study\ffmpeg_simple_player\x64\debug\player.obj
d:\projects\c++\ffmpeg_study\ffmpeg_simple_player\x64\debug\decoder.obj
d:\projects\c++\ffmpeg_study\ffmpeg_simple_player\x64\debug\sdlplayer.obj
d:\projects\c++\ffmpeg_study\x64\debug\avcodec-59.dll
d:\projects\c++\ffmpeg_study\x64\debug\swresample-4.dll
d:\projects\c++\ffmpeg_study\x64\debug\avutil-57.dll
d:\projects\c++\ffmpeg_study\x64\debug\avformat-59.dll
d:\projects\c++\ffmpeg_study\x64\debug\sdl2d.dll
d:\projects\c++\ffmpeg_study\x64\debug\swscale-6.dll
d:\projects\c++\ffmpeg_study\x64\debug\ffmpeg_simple_player.pdb
d:\projects\c++\ffmpeg_study\ffmpeg_simple_player\x64\debug\ffmpeg_s.619f4326.tlog\cl.command.1.tlog
d:\projects\c++\ffmpeg_study\ffmpeg_simple_player\x64\debug\ffmpeg_s.619f4326.tlog\cl.items.tlog
d:\projects\c++\ffmpeg_study\ffmpeg_simple_player\x64\debug\ffmpeg_s.619f4326.tlog\cl.read.1.tlog
d:\projects\c++\ffmpeg_study\ffmpeg_simple_player\x64\debug\ffmpeg_s.619f4326.tlog\cl.write.1.tlog
d:\projects\c++\ffmpeg_study\ffmpeg_simple_player\x64\debug\ffmpeg_s.619f4326.tlog\ffmpeg_simple_player.write.1u.tlog
d:\projects\c++\ffmpeg_study\ffmpeg_simple_player\x64\debug\ffmpeg_s.619f4326.tlog\link-cvtres.read.1.tlog
d:\projects\c++\ffmpeg_study\ffmpeg_simple_player\x64\debug\ffmpeg_s.619f4326.tlog\link-cvtres.write.1.tlog
d:\projects\c++\ffmpeg_study\ffmpeg_simple_player\x64\debug\ffmpeg_s.619f4326.tlog\link-rc.read.1.tlog
d:\projects\c++\ffmpeg_study\ffmpeg_simple_player\x64\debug\ffmpeg_s.619f4326.tlog\link-rc.write.1.tlog
d:\projects\c++\ffmpeg_study\ffmpeg_simple_player\x64\debug\ffmpeg_s.619f4326.tlog\link.23548-cvtres.read.1.tlog
d:\projects\c++\ffmpeg_study\ffmpeg_simple_player\x64\debug\ffmpeg_s.619f4326.tlog\link.23548-cvtres.write.1.tlog
d:\projects\c++\ffmpeg_study\ffmpeg_simple_player\x64\debug\ffmpeg_s.619f4326.tlog\link.23548-rc.read.1.tlog
d:\projects\c++\ffmpeg_study\ffmpeg_simple_player\x64\debug\ffmpeg_s.619f4326.tlog\link.23548-rc.write.1.tlog
d:\projects\c++\ffmpeg_study\ffmpeg_simple_player\x64\debug\ffmpeg_s.619f4326.tlog\link.23548.read.1.tlog
d:\projects\c++\ffmpeg_study\ffmpeg_simple_player\x64\debug\ffmpeg_s.619f4326.tlog\link.23548.read.2.tlog
d:\projects\c++\ffmpeg_study\ffmpeg_simple_player\x64\debug\ffmpeg_s.619f4326.tlog\link.23548.write.1.tlog
d:\projects\c++\ffmpeg_study\ffmpeg_simple_player\x64\debug\ffmpeg_s.619f4326.tlog\link.command.1.tlog
d:\projects\c++\ffmpeg_study\ffmpeg_simple_player\x64\debug\ffmpeg_s.619f4326.tlog\link.read.1.tlog
d:\projects\c++\ffmpeg_study\ffmpeg_simple_player\x64\debug\ffmpeg_s.619f4326.tlog\link.read.2.tlog
d:\projects\c++\ffmpeg_study\ffmpeg_simple_player\x64\debug\ffmpeg_s.619f4326.tlog\link.write.1.tlog
